Flow report for PIPELINE
Sun Nov 18 18:05:50 2018
Quartus II 64-Bit Version 13.0.1 Build 232 06/12/2013 Service Pack 1 SJ Web Edition


---------------------
; Table of Contents ;
---------------------
  1. Legal Notice
  2. Flow Summary
  3. Flow Settings
  4. Flow Non-Default Global Settings
  5. Flow Elapsed Time
  6. Flow OS Summary
  7. Flow Log
  8. Flow Messages
  9. Flow Suppressed Messages



----------------
; Legal Notice ;
----------------
Copyright (C) 1991-2013 Altera Corporation
Your use of Altera Corporation's design tools, logic functions 
and other software and tools, and its AMPP partner logic 
functions, and any output files from any of the foregoing 
(including device programming or simulation files), and any 
associated documentation or information are expressly subject 
to the terms and conditions of the Altera Program License 
Subscription Agreement, Altera MegaCore Function License 
Agreement, or other applicable license agreement, including, 
without limitation, that your use is for the sole purpose of 
programming logic devices manufactured by Altera and sold by 
Altera or its authorized distributors.  Please refer to the 
applicable agreement for further details.



+--------------------------------------------------------------------------------------+
; Flow Summary                                                                         ;
+------------------------------------+-------------------------------------------------+
; Flow Status                        ; Successful - Sun Nov 18 18:05:45 2018           ;
; Quartus II 64-Bit Version          ; 13.0.1 Build 232 06/12/2013 SP 1 SJ Web Edition ;
; Revision Name                      ; PIPELINE                                        ;
; Top-level Entity Name              ; Banco_Reg_32                                    ;
; Family                             ; Cyclone IV GX                                   ;
; Total logic elements               ; 1,538 / 21,280 ( 7 % )                          ;
;     Total combinational functions  ; 1,538 / 21,280 ( 7 % )                          ;
;     Dedicated logic registers      ; 1,024 / 21,280 ( 5 % )                          ;
; Total registers                    ; 1024                                            ;
; Total pins                         ; 111 / 167 ( 66 % )                              ;
; Total virtual pins                 ; 0                                               ;
; Total memory bits                  ; 0 / 774,144 ( 0 % )                             ;
; Embedded Multiplier 9-bit elements ; 0 / 80 ( 0 % )                                  ;
; Total GXB Receiver Channel PCS     ; 0 / 4 ( 0 % )                                   ;
; Total GXB Receiver Channel PMA     ; 0 / 4 ( 0 % )                                   ;
; Total GXB Transmitter Channel PCS  ; 0 / 4 ( 0 % )                                   ;
; Total GXB Transmitter Channel PMA  ; 0 / 4 ( 0 % )                                   ;
; Total PLLs                         ; 0 / 4 ( 0 % )                                   ;
; Device                             ; EP4CGX22CF19C6                                  ;
; Timing Models                      ; Final                                           ;
+------------------------------------+-------------------------------------------------+


+-----------------------------------------+
; Flow Settings                           ;
+-------------------+---------------------+
; Option            ; Setting             ;
+-------------------+---------------------+
; Start date & time ; 11/18/2018 18:05:16 ;
; Main task         ; Compilation         ;
; Revision Name     ; PIPELINE            ;
+-------------------+---------------------+


+-------------------------------------------------------------------------------------------------------------------+
; Flow Non-Default Global Settings                                                                                  ;
+-------------------------------------+---------------------------------+---------------+--------------+------------+
; Assignment Name                     ; Value                           ; Default Value ; Entity Name  ; Section Id ;
+-------------------------------------+---------------------------------+---------------+--------------+------------+
; COMPILER_SIGNATURE_ID               ; 110073159153495.154257151606996 ; --            ; --           ; --         ;
; IP_TOOL_NAME                        ; LPM_MUX                         ; --            ; --           ; --         ;
; IP_TOOL_VERSION                     ; 13.0                            ; --            ; --           ; --         ;
; MISC_FILE                           ; mux324.bsf                      ; --            ; --           ; --         ;
; MISC_FILE                           ; mux324.cmp                      ; --            ; --           ; --         ;
; PARTITION_COLOR                     ; 16764057                        ; --            ; Banco_Reg_32 ; Top        ;
; PARTITION_FITTER_PRESERVATION_LEVEL ; PLACEMENT_AND_ROUTING           ; --            ; Banco_Reg_32 ; Top        ;
; PARTITION_NETLIST_TYPE              ; SOURCE                          ; --            ; Banco_Reg_32 ; Top        ;
; PROJECT_OUTPUT_DIRECTORY            ; output_files                    ; --            ; --           ; --         ;
; TOP_LEVEL_ENTITY                    ; Banco_Reg_32                    ; PIPELINE      ; --           ; --         ;
+-------------------------------------+---------------------------------+---------------+--------------+------------+


+-------------------------------------------------------------------------------------------------------------------------------+
; Flow Elapsed Time                                                                                                             ;
+---------------------------+--------------+-------------------------+---------------------+------------------------------------+
; Module Name               ; Elapsed Time ; Average Processors Used ; Peak Virtual Memory ; Total CPU Time (on all processors) ;
+---------------------------+--------------+-------------------------+---------------------+------------------------------------+
; Analysis & Synthesis      ; 00:00:09     ; 1.0                     ; 4729 MB             ; 00:00:09                           ;
; Fitter                    ; 00:00:15     ; 1.0                     ; 4987 MB             ; 00:00:15                           ;
; Assembler                 ; 00:00:03     ; 1.0                     ; 4620 MB             ; 00:00:02                           ;
; TimeQuest Timing Analyzer ; 00:00:05     ; 1.0                     ; 4650 MB             ; 00:00:04                           ;
; Total                     ; 00:00:32     ; --                      ; --                  ; 00:00:30                           ;
+---------------------------+--------------+-------------------------+---------------------+------------------------------------+


+----------------------------------------------------------------------------------------+
; Flow OS Summary                                                                        ;
+---------------------------+------------------+-----------+------------+----------------+
; Module Name               ; Machine Hostname ; OS Name   ; OS Version ; Processor type ;
+---------------------------+------------------+-----------+------------+----------------+
; Analysis & Synthesis      ; DESKTOP-RROBCDA  ; Windows 7 ; 6.2        ; x86_64         ;
; Fitter                    ; DESKTOP-RROBCDA  ; Windows 7 ; 6.2        ; x86_64         ;
; Assembler                 ; DESKTOP-RROBCDA  ; Windows 7 ; 6.2        ; x86_64         ;
; TimeQuest Timing Analyzer ; DESKTOP-RROBCDA  ; Windows 7 ; 6.2        ; x86_64         ;
+---------------------------+------------------+-----------+------------+----------------+


------------
; Flow Log ;
------------
quartus_map --read_settings_files=on --write_settings_files=off PIPELINE -c PIPELINE
quartus_fit --read_settings_files=off --write_settings_files=off PIPELINE -c PIPELINE
quartus_asm --read_settings_files=off --write_settings_files=off PIPELINE -c PIPELINE
quartus_sta PIPELINE -c PIPELINE



